[debug] [2022-06-03T14:41:46.049Z] ----------------------------------------------------------------------
[debug] [2022-06-03T14:41:46.053Z] Command:       C:\Program Files\nodejs\node.exe C:\Users\Ahmar Jabbar\AppData\Roaming\npm\node_modules\firebase-tools\lib\bin\firebase.js init
[debug] [2022-06-03T14:41:46.054Z] CLI Version:   10.1.2
[debug] [2022-06-03T14:41:46.054Z] Platform:      win32
[debug] [2022-06-03T14:41:46.054Z] Node Version:  v16.13.2
[debug] [2022-06-03T14:41:46.066Z] Time:          Fri Jun 03 2022 19:41:46 GMT+0500 (Pakistan Standard Time)
[debug] [2022-06-03T14:41:46.066Z] ----------------------------------------------------------------------
[debug] 
[debug] [2022-06-03T14:41:46.072Z] >>> [apiv2][query] GET https://firebase-public.firebaseio.com/cli.json [none]
[debug] [2022-06-03T14:41:46.161Z] > command requires scopes: ["email","openid","https://www.googleapis.com/auth/cloudplatformprojects.readonly","https://www.googleapis.com/auth/firebase","https://www.googleapis.com/auth/cloud-platform"]
[debug] [2022-06-03T14:41:46.161Z] > authorizing via signed-in user (arniykelly@gmail.com)
[info] 
     ######## #### ########  ######## ########     ###     ######  ########
     ##        ##  ##     ## ##       ##     ##  ##   ##  ##       ##
     ######    ##  ########  ######   ########  #########  ######  ######
     ##        ##  ##    ##  ##       ##     ## ##     ##       ## ##
     ##       #### ##     ## ######## ########  ##     ##  ######  ########

You're about to initialize a Firebase project in this directory:

  C:\Users\Ahmar Jabbar\Desktop\Table_design

[debug] [2022-06-03T14:41:47.341Z] <<< [apiv2][status] GET https://firebase-public.firebaseio.com/cli.json 200
[debug] [2022-06-03T14:41:47.342Z] <<< [apiv2][body] GET https://firebase-public.firebaseio.com/cli.json {"cloudBuildErrorAfter":1594252800000,"cloudBuildWarnAfter":1590019200000,"defaultNode10After":1594252800000,"minVersion":"3.0.5","node8DeploysDisabledAfter":1613390400000,"node8RuntimeDisabledAfter":1615809600000,"node8WarnAfter":1600128000000}
